 INFO 2017-06-06 16:05:57,519 [Logging] Logging successfully configured from embedded logConfig asset.
 INFO 2017-06-06 16:05:57,533 [Logging] Logging start.
 INFO 2017-06-06 16:05:57,535 [Assets.Scripts.Platform.Common.IO.FileUtilityHelper] Attempting to load "C:/Users/maxis/AppData/LocalLow/Steel Crate Games/Keep Talking and Nobody Explodes\playerSettings.xml"...
 INFO 2017-06-06 16:05:57,545 [Assets.Scripts.Platform.Common.IO.FileUtilityHelper] Successfully loaded "C:/Users/maxis/AppData/LocalLow/Steel Crate Games/Keep Talking and Nobody Explodes\playerSettings.xml".
DEBUG 2017-06-06 16:05:57,549 [Assets.Scripts.Settings.PlayerSettingsManager] PlayerSettings: InvertTiltControls: False, TouchpadInvert: False, RumbleEnabled: True, MusicVolume: 0, SFXVolume: 0, AntiAliasing: 4, VRModeRequested: True, SecondScreenMode: InteractiveManual, VSync: 1, AccessibilitySettings: Empty, Empty, Empty, DisabledControlTypes: None
 INFO 2017-06-06 16:05:57,553 [Assets.Scripts.Settings.PlayerSettingsManager] Saving player settings.
 INFO 2017-06-06 16:05:57,555 [Assets.Scripts.Platform.Common.IO.FileUtilityHelper] Attempting to save "C:/Users/maxis/AppData/LocalLow/Steel Crate Games/Keep Talking and Nobody Explodes\playerSettings.xml"...
 INFO 2017-06-06 16:05:57,573 [Assets.Scripts.Platform.Common.IO.FileUtilityHelper] Successfully saved "C:/Users/maxis/AppData/LocalLow/Steel Crate Games/Keep Talking and Nobody Explodes\playerSettings.xml".
DEBUG 2017-06-06 16:05:57,576 [Assets.Scripts.Platform.PC.PCPlatformUtil] VRModeRequested: True
 INFO 2017-06-06 16:05:57,577 [Assets.Scripts.Platform.PC.PCPlatformUtil] UnityEngine.VR.VRDevice.isPresent: False
 INFO 2017-06-06 16:05:57,577 [Assets.Scripts.Platform.PC.PCPlatformUtil] No HMD detected. Falling back to non-VR mode.
 INFO 2017-06-06 16:05:57,578 [Assets.Scripts.Platform.PC.PCPlatformUtil] Instantiating FixedCameraRig.
DEBUG 2017-06-06 16:05:57,587 [KTInputManager] Requested setting control type to: Gaze
DEBUG 2017-06-06 16:05:57,588 [KTInputManager] Control type not supported. Not changing control type.
 INFO 2017-06-06 16:05:57,589 [KTInputManager] InControl Platform: WINDOWS 10 HOME 32BIT ASPIRE VN7-592G (ACER)
 INFO 2017-06-06 16:05:57,589 [KTInputManager] InControl Devices: 0
 INFO 2017-06-06 16:05:57,590 [KTInputManager] Active device: None () [Supported] [Platform: WINDOWS 10 HOME 32BIT ASPIRE VN7-592G (ACER)]
 INFO 2017-06-06 16:05:57,591 [KTInputManager] Active SecondScreen device: None () [Supported] [Platform: WINDOWS 10 HOME 32BIT ASPIRE VN7-592G (ACER)]
 INFO 2017-06-06 16:05:57,600 [Logging] Logging successfully configured from external file.
 WARN 2017-06-06 16:05:57,804 [Assets.Scripts.Services.Steam.ServicesSteam] STEAM HAS FAILED TO INITIALIZE. All steam features will be disabled for this game session. This likely means that the game was launched with Steam not running.
DEBUG 2017-06-06 16:05:57,850 [SecondScreenInteractiveManual] Changing state from Loading to Loading
 INFO 2017-06-06 16:05:57,852 [Assets.Scripts.Platform.Common.IO.FileUtilityHelper] Attempting to load "C:/Users/maxis/AppData/LocalLow/Steel Crate Games/Keep Talking and Nobody Explodes\demoSettings.xml"...
 INFO 2017-06-06 16:05:57,855 [Assets.Scripts.Platform.Common.IO.FileUtilityHelper] Successfully loaded "C:/Users/maxis/AppData/LocalLow/Steel Crate Games/Keep Talking and Nobody Explodes\demoSettings.xml".
 INFO 2017-06-06 16:05:57,856 [Assets.Scripts.DemoManager] Demo settings: [Mode: Off], [DisableAlarmClockSound: False], [SkipVerificationFlow: False], [HideManualWebsiteReference: False], [ForgetLastGameSettings: False]
 INFO 2017-06-06 16:05:57,857 [Assets.Scripts.Platform.Common.IO.FileUtilityHelper] Attempting to load "C:/Users/maxis/AppData/LocalLow/Steel Crate Games/Keep Talking and Nobody Explodes\tournamentSettings.xml"...
 WARN 2017-06-06 16:05:57,859 [Assets.Scripts.Platform.Common.IO.FileUtilityHelper] Failed to load "C:/Users/maxis/AppData/LocalLow/Steel Crate Games/Keep Talking and Nobody Explodes\tournamentSettings.xml": Could not find file "C:\Users\maxis\AppData\LocalLow\Steel Crate Games\Keep Talking and Nobody Explodes\tournamentSettings.xml".
 INFO 2017-06-06 16:05:57,861 [Assets.Scripts.Tournaments.TournamentManager] Failed to load tournament settings from user path, looking for tournamentSettings.xml next to executable.
 INFO 2017-06-06 16:05:57,862 [Assets.Scripts.Platform.Common.IO.FileUtilityHelper] Attempting to load "tournamentSettings.xml"...
 WARN 2017-06-06 16:05:57,863 [Assets.Scripts.Platform.Common.IO.FileUtilityHelper] Failed to load "tournamentSettings.xml": Could not find file "C:\Users\maxis\IdeaProjects\ParseKtaneStatus\tournamentSettings.xml".
 INFO 2017-06-06 16:05:57,865 [Assets.Scripts.Tournaments.TournamentManager] Failed to load tournament settings from executable path. Creating default tournament settings.
 INFO 2017-06-06 16:05:57,867 [Assets.Scripts.Tournaments.TournamentManager] Tournament settings: Name: Test Tournament
Teams: 2
Missions: firsttime,somethingoldsomethingnew,onestepup
TieBreaker: firsttime
Turn Order: Snake
SeedStyle: GenerateSame 
PacingEvents: ForceOneMinuteLeftOnly
DEBUG 2017-06-06 16:05:57,892 [SecondScreenManager] VRMode=false, disabling.
 INFO 2017-06-06 16:05:57,893 [SecondScreenManager] SecondScreen mode changed from Disabled to Disabled
 INFO 2017-06-06 16:05:58,968 [LoadingManager] Loading: mainScene
 INFO 2017-06-06 16:05:59,187 [LoadingManager] Finished loading: 0.21 sec(s)
DEBUG 2017-06-06 16:06:01,983 [LoadingManager] Received mouse input to continue, loading main scene.
DEBUG 2017-06-06 16:06:01,986 [KTInputManager] Requested setting control type to: Mouse
DEBUG 2017-06-06 16:06:01,989 [KTInputManager] Control type supported. Settting control type to: Mouse
 INFO 2017-06-06 16:06:02,558 [Assets.Scripts.Progression.ProgressionManager] Loading progression data...
 INFO 2017-06-06 16:06:02,561 [Assets.Scripts.Platform.Common.IO.FileUtilityHelper] Attempting to load "C:/Users/maxis/AppData/LocalLow/Steel Crate Games/Keep Talking and Nobody Explodes\progression.xml"...
 INFO 2017-06-06 16:06:02,582 [Assets.Scripts.Platform.Common.IO.FileUtilityHelper] Successfully loaded "C:/Users/maxis/AppData/LocalLow/Steel Crate Games/Keep Talking and Nobody Explodes\progression.xml".
 INFO 2017-06-06 16:06:02,590 [Assets.Scripts.Progression.ProgressionManager] Progression summary:
 INFO 2017-06-06 16:06:02,593 [Assets.Scripts.Progression.ProgressionManager] Last Unlocked Bomb Classification: 1
 INFO 2017-06-06 16:06:02,597 [Assets.Scripts.Progression.ProgressionManager] MissionID: gameoverviewtutorial Beaten: True
 INFO 2017-06-06 16:06:02,600 [Assets.Scripts.Progression.ProgressionManager] MissionID: controlstutorial Beaten: True
 INFO 2017-06-06 16:06:02,603 [Assets.Scripts.Progression.ProgressionManager] MissionID: firsttime Beaten: True
 INFO 2017-06-06 16:06:02,606 [Assets.Scripts.Progression.ProgressionManager] Disarmed component: Wires
 INFO 2017-06-06 16:06:02,609 [Assets.Scripts.Progression.ProgressionManager] Disarmed component: Keypad
 INFO 2017-06-06 16:06:02,611 [Assets.Scripts.Progression.ProgressionManager] Disarmed component: BigButton
 INFO 2017-06-06 16:06:02,622 [Assets.Scripts.Missions.MissionManager] MissionManager initialized. 34 missions available.
 INFO 2017-06-06 16:06:02,624 [Assets.Scripts.Records.RecordManager] Loading records from records.xml...
 INFO 2017-06-06 16:06:02,626 [Assets.Scripts.Platform.Common.IO.FileUtilityHelper] Attempting to load "C:/Users/maxis/AppData/LocalLow/Steel Crate Games/Keep Talking and Nobody Explodes\records.xml"...
 INFO 2017-06-06 16:06:02,634 [Assets.Scripts.Platform.Common.IO.FileUtilityHelper] Successfully loaded "C:/Users/maxis/AppData/LocalLow/Steel Crate Games/Keep Talking and Nobody Explodes\records.xml".
 INFO 2017-06-06 16:06:02,638 [Assets.Scripts.Records.RecordManager] Loading best time records from best_times.xml...
 INFO 2017-06-06 16:06:02,646 [Assets.Scripts.Platform.Common.IO.FileUtilityHelper] Attempting to load "C:/Users/maxis/AppData/LocalLow/Steel Crate Games/Keep Talking and Nobody Explodes\best_times.xml"...
 INFO 2017-06-06 16:06:02,656 [Assets.Scripts.Platform.Common.IO.FileUtilityHelper] Successfully loaded "C:/Users/maxis/AppData/LocalLow/Steel Crate Games/Keep Talking and Nobody Explodes\best_times.xml".
 INFO 2017-06-06 16:06:02,663 [Assets.Scripts.Records.RecordManager] 10 recent records found:
 INFO 2017-06-06 16:06:02,669 [Assets.Scripts.Records.RecordManager] Record: 10 Mission: mod_iismkit_mission (invalid)
 INFO 2017-06-06 16:06:02,672 [Assets.Scripts.Records.RecordManager] Record: 9 Mission: freeplay Result: ExplodedDueToTime Seed: 653642278 Modules: 3 HasNeedy: False IsHardcore: False Solved: 0 TimeElapsed: 600.0027  RealTimeElapsed: 608.0374 Strikes: 0
 INFO 2017-06-06 16:06:02,676 [Assets.Scripts.Records.RecordManager] Record: 8 Mission: freeplay Result: ExplodedDueToStrikes Seed: 1818211434 Modules: 3 HasNeedy: False IsHardcore: False Solved: 0 TimeElapsed: 25.69604  RealTimeElapsed: 31.34662 Strikes: 3
 INFO 2017-06-06 16:06:02,679 [Assets.Scripts.Records.RecordManager] Record: 7 Mission: mod_iismkit_mission (invalid)
 INFO 2017-06-06 16:06:02,681 [Assets.Scripts.Records.RecordManager] Record: 6 Mission: firsttime Result: ExplodedDueToStrikes Seed: 112440278 Modules: 3 Solved: 1 TimeElapsed: 6.576141  RealTimeElapsed: 13.74907 Strikes: 3
 INFO 2017-06-06 16:06:02,684 [Assets.Scripts.Records.RecordManager] Record: 5 Mission: firsttime Result: ExplodedDueToStrikes Seed: 306704925 Modules: 3 Solved: 1 TimeElapsed: 12.17041  RealTimeElapsed: 18.52125 Strikes: 3
 INFO 2017-06-06 16:06:02,687 [Assets.Scripts.Records.RecordManager] Record: 4 Mission: firsttime Result: ExplodedDueToStrikes Seed: 1274922090 Modules: 3 Solved: 0 TimeElapsed: 23.29239  RealTimeElapsed: 28.56035 Strikes: 3
 INFO 2017-06-06 16:06:02,690 [Assets.Scripts.Records.RecordManager] Record: 3 Mission: firsttime Result: Defused Seed: 1628421471 Modules: 3 Solved: 3 TimeElapsed: 251.4682  RealTimeElapsed: 211.6927 Strikes: 1
 INFO 2017-06-06 16:06:02,693 [Assets.Scripts.Records.RecordManager] Record: 2 Mission: firsttime Result: Defused Seed: 1491341989 Modules: 3 Solved: 3 TimeElapsed: 104.4699  RealTimeElapsed: 109.2822 Strikes: 1
 INFO 2017-06-06 16:06:02,695 [Assets.Scripts.Records.RecordManager] Record: 1 Mission: firsttime Result: ExplodedDueToStrikes Seed: 1637287596 Modules: 3 Solved: 0 TimeElapsed: 23.71136  RealTimeElapsed: 29.56155 Strikes: 3
 INFO 2017-06-06 16:06:02,698 [Assets.Scripts.Records.RecordManager] Recent Record Summary: Success: 2 ExplodeDueToStrikes: 5 ExplodeDueToTime: 3
 INFO 2017-06-06 16:06:02,701 [Assets.Scripts.Records.RecordManager] 1 Best Time records found:
 INFO 2017-06-06 16:06:02,702 [Assets.Scripts.Records.RecordManager] Record: 2 Mission: firsttime Result: Defused Seed: 1491341989 Modules: 3 Solved: 3 TimeElapsed: 104.4699  RealTimeElapsed: 109.2822 Strikes: 1
 INFO 2017-06-06 16:06:02,705 [Assets.Scripts.Stats.StatsManager] Loading stats from stats.xml...
 INFO 2017-06-06 16:06:02,706 [Assets.Scripts.Platform.Common.IO.FileUtilityHelper] Attempting to load "C:/Users/maxis/AppData/LocalLow/Steel Crate Games/Keep Talking and Nobody Explodes\stats.xml"...
 INFO 2017-06-06 16:06:02,708 [Assets.Scripts.Platform.Common.IO.FileUtilityHelper] Successfully loaded "C:/Users/maxis/AppData/LocalLow/Steel Crate Games/Keep Talking and Nobody Explodes\stats.xml".
 INFO 2017-06-06 16:06:02,717 [Assets.Scripts.Stats.StatsManager] Recorded Stats:
 INFO 2017-06-06 16:06:02,718 [Assets.Scripts.Stats.StatsManager] thebasicsprogress: IntValue: 0
 INFO 2017-06-06 16:06:02,719 [Assets.Scripts.Stats.StatsManager] moduletypeprogress: IntValue: 3
 INFO 2017-06-06 16:06:02,720 [Assets.Scripts.Stats.StatsManager] totalstrikes: IntValue: 73
 INFO 2017-06-06 16:06:02,721 [Assets.Scripts.Stats.StatsManager] totalmodulesdisarmed: IntValue: 72
 INFO 2017-06-06 16:06:02,722 [Assets.Scripts.Stats.StatsManager] totalbombsexploded: IntValue: 33
 INFO 2017-06-06 16:06:02,723 [Assets.Scripts.Stats.StatsManager] totalbombsdefused: IntValue: 11
 INFO 2017-06-06 16:06:02,724 [Assets.Scripts.Stats.StatsManager] moderateprogress: IntValue: 0
 INFO 2017-06-06 16:06:02,724 [Assets.Scripts.Stats.StatsManager] needyprogress: IntValue: 0
 INFO 2017-06-06 16:06:02,725 [Assets.Scripts.Stats.StatsManager] challengingprogress: IntValue: 0
 INFO 2017-06-06 16:06:02,726 [Assets.Scripts.Stats.StatsManager] extremeprogress: IntValue: 0
 INFO 2017-06-06 16:06:02,727 [Assets.Scripts.Stats.StatsManager] exoticprogress: IntValue: 0
 INFO 2017-06-06 16:06:02,728 [Assets.Scripts.Stats.StatsManager] Recorded Achievements:
 INFO 2017-06-06 16:06:02,729 [Assets.Scripts.Stats.StatsManager] firstbomb: unlocked at 05/15/2017 14:22:41
 INFO 2017-06-06 16:06:02,731 [SceneManager] Creating game states...
DEBUG 2017-06-06 16:06:02,835 [MissionTableOfContentsPageManager] Showing ToC 0 page 0.
DEBUG 2017-06-06 16:06:02,902 [PrefabOverride] Material override: InputBased: True, CurrentControlType: Mouse, Path: "PC/Materials/DossierMenu/MouseControls_Dossier"
DEBUG 2017-06-06 16:06:02,906 [PrefabOverride] Material override: InputBased: True, CurrentControlType: Mouse, Path: "PC/Materials/DossierMenu/MouseControls_Dossier"
DEBUG 2017-06-06 16:06:02,916 [PrefabOverride] Material override: InputBased: True, CurrentControlType: Mouse, Path: "PC/Materials/controls_poster_mouse"
 INFO 2017-06-06 16:06:02,938 [Assets.Scripts.Leaderboards.LeaderboardBulkSubmissionWorker] Submitting all unreported leaderboard scores.
 INFO 2017-06-06 16:06:02,940 [Assets.Scripts.Leaderboards.LeaderboardBulkSubmissionWorker] Finished submitting all unreported leaderboard scores.
 INFO 2017-06-06 16:06:03,003 [SceneManager] Fading in...
 INFO 2017-06-06 16:06:03,005 [State] Enter SetupState
DEBUG 2017-06-06 16:06:03,012 [MissionTableOfContentsPageManager] Showing ToC 0 page 0.
